2022-12-14 19:26:10,682 Namespace(modelDir='finalmodel/', logDir='runs/', dataDir='', prevModelDir='', sync_bn=False, local_rank=-1, conf_thres=0.001, iou_thres=0.6)
2022-12-14 19:26:10,682 AUTO_RESUME: True
CUDNN:
  BENCHMARK: True
  DETERMINISTIC: False
  ENABLED: True
DATASET:
  COLOR_RGB: False
  DATAROOT: /home/adri/Projects/Final_proyect_AMV/Data/images
  DATASET: BddDataset
  DATA_FORMAT: jpg
  FLIP: True
  HSV_H: 0.015
  HSV_S: 0.7
  HSV_V: 0.4
  LABELROOT: /home/adri/Projects/Final_proyect_AMV/Data/det_seg_labels
  LANEROOT: /home/adri/Projects/Final_proyect_AMV/Data/bdd_lane_gt
  MASKROOT: /home/adri/Projects/Final_proyect_AMV/Data/labels/colormaps
  ORG_IMG_SIZE: [720, 1280]
  ROT_FACTOR: 10
  SCALE_FACTOR: 0.25
  SELECT_DATA: False
  SHEAR: 0.0
  TEST_SET: val
  TRAIN_SET: train
  TRANSLATE: 0.1
DEBUG: False
GPUS: (0, 1)
LOG_DIR: runs/
LOSS:
  BOX_GAIN: 0.05
  CLS_GAIN: 0.5
  CLS_POS_WEIGHT: 1.0
  DA_SEG_GAIN: 0.2
  FL_GAMMA: 0.0
  LL_IOU_GAIN: 0.2
  LL_SEG_GAIN: 0.2
  LOSS_NAME: 
  MULTI_HEAD_LAMBDA: None
  OBJ_GAIN: 1.0
  OBJ_POS_WEIGHT: 1.0
  SEG_POS_WEIGHT: 1.0
MODEL:
  EXTRA:
    
  HEADS_NAME: ['']
  IMAGE_SIZE: [320, 320]
  NAME: YOLOP for drivable road
  PRETRAINED: 
  PRETRAINED_DET: 
  STRU_WITHSHARE: False
NEED_AUTOANCHOR: True
OUTPUT_DIR: finalmodel/
PIN_MEMORY: False
PRINT_FREQ: 20
TEST:
  BATCH_SIZE_PER_GPU: 24
  MODEL_FILE: 
  NMS_CONF_THRESHOLD: 0.001
  NMS_IOU_THRESHOLD: 0.6
  PLOTS: True
  SAVE_JSON: False
  SAVE_TXT: False
TRAIN:
  ANCHOR_THRESHOLD: 4.0
  BATCH_SIZE_PER_GPU: 24
  BEGIN_EPOCH: 0
  DET_ONLY: False
  DRIVABLE_ONLY: True
  ENC_DET_ONLY: False
  ENC_SEG_ONLY: False
  END_EPOCH: 10
  GAMMA1: 0.99
  GAMMA2: 0.0
  IOU_THRESHOLD: 0.2
  LANE_ONLY: False
  LR0: 0.001
  LRF: 0.2
  MOMENTUM: 0.937
  NESTEROV: True
  OPTIMIZER: adam
  PLOT: True
  SEG_ONLY: False
  SHUFFLE: True
  VAL_FREQ: 1
  WARMUP_BIASE_LR: 0.1
  WARMUP_EPOCHS: 3.0
  WARMUP_MOMENTUM: 0.8
  WD: 0.0005
WORKERS: 8
num_seg_class: 2
2022-12-14 19:26:10,684 Using torch 1.13.0+cu117 CPU
2022-12-14 19:26:10,684 
2022-12-14 19:26:10,808 freeze encoder and Det head and Ll_Seg heads...
2022-12-14 19:26:22,705 begin check anchors
2022-12-14 19:28:05,194 tensor([[[0.2687, 0.7645],
         [0.4164, 1.1241],
         [0.6562, 1.7555]],

        [[0.5181, 1.2277],
         [0.8241, 1.9972],
         [1.3278, 2.7947]],

        [[0.9653, 2.1863],
         [1.4446, 3.4066],
         [1.8996, 5.7743]]])
2022-12-14 19:28:18,708 Epoch: [1][0/1459]	Time 13.511s (13.511s)	Speed 3.6 samples/s	Data 4.008s (4.008s)	Loss 0.14495 (0.14495)
2022-12-14 19:29:48,000 Epoch: [1][20/1459]	Time 102.803s (57.991s)	Speed 0.5 samples/s	Data 98.279s (53.294s)	Loss 0.14502 (0.14498)
2022-12-14 19:31:22,150 Epoch: [1][40/1459]	Time 196.953s (104.750s)	Speed 0.2 samples/s	Data 192.775s (100.052s)	Loss 0.14488 (0.14494)
2022-12-14 19:32:58,638 Epoch: [1][60/1459]	Time 293.441s (151.044s)	Speed 0.2 samples/s	Data 288.329s (146.307s)	Loss 0.14471 (0.14489)
