2022-12-15 01:06:55,429 Namespace(conf_thres=0.001, dataDir='', iou_thres=0.6, local_rank=-1, logDir='runs/', modelDir='', prevModelDir='', sync_bn=False)
2022-12-15 01:06:55,429 AUTO_RESUME: True
CUDNN:
  BENCHMARK: True
  DETERMINISTIC: False
  ENABLED: True
DATASET:
  COLOR_RGB: False
  DATAROOT: /home/adri/Projects/Final_proyect_AMV/Data/images
  DATASET: BddDataset
  DATA_FORMAT: jpg
  FLIP: True
  HSV_H: 0.015
  HSV_S: 0.7
  HSV_V: 0.4
  LABELROOT: /home/adri/Projects/Final_proyect_AMV/Data/det_seg_labels
  LANEROOT: /home/adri/Projects/Final_proyect_AMV/Data/bdd_lane_gt
  MASKROOT: /home/adri/Projects/Final_proyect_AMV/Data/labels/colormaps
  ORG_IMG_SIZE: [320, 320]
  ROT_FACTOR: 10
  SCALE_FACTOR: 0.25
  SELECT_DATA: False
  SHEAR: 0.0
  TEST_SET: val
  TRAIN_SET: train
  TRANSLATE: 0.1
DEBUG: False
GPUS: (0, 1)
LOG_DIR: runs/
LOSS:
  BOX_GAIN: 0.05
  CLS_GAIN: 0.5
  CLS_POS_WEIGHT: 1.0
  DA_SEG_GAIN: 0.2
  FL_GAMMA: 0.0
  LL_IOU_GAIN: 0.2
  LL_SEG_GAIN: 0.2
  LOSS_NAME: 
  MULTI_HEAD_LAMBDA: None
  OBJ_GAIN: 1.0
  OBJ_POS_WEIGHT: 1.0
  SEG_POS_WEIGHT: 1.0
MODEL:
  EXTRA:
    
  HEADS_NAME: ['']
  IMAGE_SIZE: [720, 1280]
  NAME: YOLOP for drivable road
  PRETRAINED: 
  PRETRAINED_DET: 
  STRU_WITHSHARE: False
NEED_AUTOANCHOR: True
PIN_MEMORY: False
PRINT_FREQ: 20
TEST:
  BATCH_SIZE_PER_GPU: 24
  MODEL_FILE: 
  NMS_CONF_THRESHOLD: 0.001
  NMS_IOU_THRESHOLD: 0.6
  PLOTS: True
  SAVE_JSON: False
  SAVE_TXT: False
TRAIN:
  ANCHOR_THRESHOLD: 4.0
  BATCH_SIZE_PER_GPU: 24
  BEGIN_EPOCH: 0
  DET_ONLY: False
  DRIVABLE_ONLY: True
  ENC_DET_ONLY: False
  ENC_SEG_ONLY: False
  END_EPOCH: 10
  GAMMA1: 0.99
  GAMMA2: 0.0
  IOU_THRESHOLD: 0.2
  LANE_ONLY: False
  LR0: 0.001
  LRF: 0.2
  MOMENTUM: 0.937
  NESTEROV: True
  OPTIMIZER: adam
  PLOT: True
  SEG_ONLY: False
  SHUFFLE: True
  VAL_FREQ: 1
  WARMUP_BIASE_LR: 0.1
  WARMUP_EPOCHS: 3.0
  WARMUP_MOMENTUM: 0.8
  WD: 0.0005
WORKERS: 8
num_seg_class: 2
2022-12-15 01:06:55,431 Using torch 1.7.0 CPU
2022-12-15 01:06:55,431 
2022-12-15 01:06:55,577 freeze encoder and Det head and Ll_Seg heads...
2022-12-15 01:07:18,004 begin check anchors
2022-12-15 01:07:22,520 tensor([[[0.2825, 0.1206],
         [0.2791, 0.1806],
         [0.1854, 0.3075]],

        [[0.1764, 0.1031],
         [0.1414, 0.1322],
         [0.1794, 0.1635]],

        [[0.1133, 0.0665],
         [0.0847, 0.1231],
         [0.1407, 0.1013]]])
